[00:39:44] [ServerMain/INFO]: [bootstrap] Running Java 25 (Java HotSpot(TM) 64-Bit Server VM 25.0.2+10-LTS-69; Oracle Corporation null) on Linux 6.12.74-1-lts (amd64)
[00:39:44] [ServerMain/INFO]: [bootstrap] Loading Paper 1.21.11-117-main@79c77f5 (2026-02-20T00:03:51Z) for Minecraft 1.21.11
[00:39:45] [ServerMain/INFO]: [PluginInitializerManager] Initializing plugins...
[00:39:47] [ServerMain/INFO]: [PluginInitializerManager] Initialized 3 plugins
[00:39:47] [ServerMain/INFO]: [PluginInitializerManager] Bukkit plugins (3):
 - Chunky (1.4.40), Oneblock (1.4.7f), PlasmoVoice (2.1.8)
[00:39:59] [ServerMain/INFO]: Environment: Environment[sessionHost=https://sessionserver.mojang.com, servicesHost=https://api.minecraftservices.com, profilesHost=https://api.mojang.com, name=PROD]
[00:40:00] [ServerMain/INFO]: Found new data pack file/bukkit, loading it automatically
[00:40:00] [ServerMain/INFO]: Found new data pack paper, loading it automatically
[00:40:03] [ServerMain/INFO]: No existing world data, creating new world
[00:40:03] [ServerMain/ERROR]: Unknown biome, defaulting to plains
[00:40:05] [ServerMain/INFO]: Loaded 1470 recipes
[00:40:05] [ServerMain/INFO]: Loaded 1584 advancements
[00:40:05] [ServerMain/INFO]: [ca.spottedleaf.dataconverter.minecraft.datatypes.MCTypeRegistry] Initialising converters for DataConverter...
[00:40:06] [ServerMain/INFO]: [ca.spottedleaf.dataconverter.minecraft.datatypes.MCTypeRegistry] Finished initialising converters for DataConverter in 995.4ms
[00:40:07] [Server thread/INFO]: Starting minecraft server version 1.21.11
[00:40:07] [Server thread/INFO]: Loading properties
[00:40:07] [Server thread/INFO]: This server is running Paper version 1.21.11-117-main@79c77f5 (2026-02-20T00:03:51Z) (Implementing API version 1.21.11-R0.1-SNAPSHOT)
[00:40:08] [Server thread/INFO]: [spark] This server bundles the spark profiler. For more information please visit https://docs.papermc.io/paper/profiling
[00:40:08] [Server thread/INFO]: Server Ping Player Sample Count: 12
[00:40:08] [Server thread/INFO]: Using 4 threads for Netty based IO
[00:40:10] [Server thread/INFO]: [MoonriseCommon] Paper is using 1 worker threads, 1 I/O threads
[00:40:10] [Server thread/INFO]: Default game type: SURVIVAL
[00:40:10] [Server thread/INFO]: Generating keypair
[00:40:10] [Server thread/INFO]: Starting Minecraft server on *:25565
[00:40:11] [Server thread/INFO]: Paper: Using libdeflate (Linux x86_64) compression from Velocity.
[00:40:11] [Server thread/INFO]: Paper: Using OpenSSL 3.x.x (Linux x86_64) cipher from Velocity.
[00:40:14] [Server thread/INFO]: [Chunky] Loading server plugin Chunky v1.4.40
[00:40:14] [Server thread/INFO]: [PlasmoVoice] Loading server plugin PlasmoVoice v2.1.8
[00:40:14] [Server thread/INFO]: [Oneblock] Loading server plugin Oneblock v1.4.7f
[00:40:14] [Server thread/INFO]: Server permissions file permissions.yml is empty, ignoring it
[00:40:14] [Server thread/INFO]: [PlasmoVoice] Enabling PlasmoVoice v2.1.8
[00:40:16] [Server thread/INFO]: [PlasmoVoice] EpollDatagramChannel UDP server is started on /[0:0:0:0:0:0:0:0]:25565
[00:40:16] [Server thread/INFO]: [PlasmoVoice] Spigot vanish PlayerHideEntityEvent/PlayerShowEntityEvent event listener attached
[00:40:16] [Server thread/WARN]: **** SERVER IS RUNNING IN OFFLINE/INSECURE MODE!
[00:40:16] [Server thread/WARN]: The server will make no attempt to authenticate usernames. Beware.
[00:40:16] [Server thread/WARN]: While this makes the game possible to play without internet access, it also opens up the ability for hackers to connect with any username they choose.
[00:40:16] [Server thread/WARN]: To change this, set "online-mode" to "true" in the server.properties file.
[00:40:16] [Server thread/INFO]: Preparing level "world"
[00:40:16] [Server thread/ERROR]: Unknown biome, defaulting to plains
[00:40:17] [Server thread/INFO]: Selecting spawn point for world 'minecraft:overworld'...
[00:40:20] [Server thread/INFO]: Loading 0 persistent chunks for world 'minecraft:overworld'...
[00:40:20] [Server thread/INFO]: Preparing spawn area: 100%
[00:40:20] [Server thread/INFO]: Prepared spawn area in 3598 ms
[00:40:20] [Server thread/INFO]: Loading 0 persistent chunks for world 'minecraft:the_nether'...
[00:40:20] [Server thread/INFO]: Prepared spawn area in 2 ms
[00:40:20] [Server thread/INFO]: Loading 0 persistent chunks for world 'minecraft:the_end'...
[00:40:20] [Server thread/INFO]: Prepared spawn area in 8 ms
[00:40:20] [Server thread/INFO]: Done preparing level "world" (4.334s)
[00:40:20] [Server thread/INFO]: [Chunky] Enabling Chunky v1.4.40
[00:40:20] [Server thread/INFO]: [Oneblock] Enabling Oneblock v1.4.7f
[00:40:21] [Server thread/INFO]: [Oneblock] 
█▀█ ░░░░ ░░░ █▀▄ ░░░ ░░░ ░░░ ░░░
█░█ █▄░█ █▀▀ █▄▀ █░░ █▀█ █▀▀ █▄▀
█▄█ █░▀█ ██▄ █▄▀ █▄▄ █▄█ █▄▄ █░█

by MrMarL
[00:40:21] [Server thread/INFO]: [Oneblock] Custom block support mode: basic
[00:40:21] [Server thread/INFO]: [Oneblock] Database usage is turned off in the configuration
[00:40:21] [Server thread/INFO]: [Oneblock] Using JSON storage
[00:40:21] [Server thread/INFO]: [Oneblock] Loaded 2 general rewards and 0 level-specific reward sets
[00:40:21] [Server thread/INFO]: [spark] Starting background profiler...
[00:40:21] [Server thread/INFO]: Running delayed init tasks
[00:40:21] [Server thread/INFO]: Done (39.276s)! For help, type "help"
[00:40:22] [User Authenticator #0/INFO]: UUID of player Echinata is 66bf466a-44b6-3ba6-9a11-ade3a0c5bf59
[00:40:23] [Craft Scheduler Thread - 3 - Oneblock/INFO]: [Oneblock] The initialization of the world was successful!
[00:40:23] [Craft Scheduler Thread - 3 - Oneblock/INFO]: [Oneblock] Loaded 2 general rewards and 0 level-specific reward sets
[00:40:27] [Server thread/INFO]: Echinata joined the game
[00:40:27] [Server thread/INFO]: Echinata[/127.0.0.1:35226] logged in with entity id 1 at ([world]8.5, -63.0, 8.5)
[00:40:32] [Server thread/INFO]: [Echinata: Set own game mode to Creative Mode]
[00:40:32] [Server thread/INFO]: Echinata fell out of the world
[00:41:03] [Server thread/INFO]: Echinata issued server command: /kill
[00:41:03] [Server thread/INFO]: Echinata was killed
[00:41:03] [Server thread/INFO]: [Echinata: Killed Echinata]
[00:42:09] [Server thread/INFO]: Echinata issued server command: /ob
[00:42:24] [Server thread/INFO]: Echinata issued server command: /ob
[00:42:45] [Server thread/INFO]: Echinata issued server command: /ob islands default
[00:43:01] [Server thread/INFO]: Echinata issued server command: /ob
[00:43:06] [Server thread/INFO]: Echinata issued server command: /ob gui
[00:43:24] [Server thread/INFO]: Echinata issued server command: /kill
[00:43:24] [Server thread/INFO]: Echinata was killed
[00:43:24] [Server thread/INFO]: [Echinata: Killed Echinata]
[00:43:35] [Server thread/INFO]: Echinata issued server command: /kill
[00:43:35] [Server thread/INFO]: Echinata was killed
[00:43:35] [Server thread/INFO]: [Echinata: Killed Echinata]
[00:43:41] [Server thread/INFO]: Echinata issued server command: /kill
[00:43:41] [Server thread/INFO]: Echinata was killed
[00:43:41] [Server thread/INFO]: [Echinata: Killed Echinata]
[00:44:12] [Server thread/INFO]: Echinata issued server command: /ob set
[00:44:25] [Server thread/INFO]: Echinata issued server command: /ob join
[00:48:15] [Server thread/INFO]: Echinata issued server command: /tp 8 67 158
[00:48:15] [Server thread/INFO]: [Echinata: Teleported Echinata to 8.500000, 67.000000, 158.500000]
[00:48:27] [Server thread/INFO]: Echinata issued server command: /ob set
[00:49:03] [Server thread/INFO]: Echinata issued server command: /ob reset
[00:49:28] [Server thread/INFO]: Echinata issued server command: /ob IDreset
[00:49:41] [Server thread/INFO]: Echinata issued server command: /tp 8 66 158
[00:49:41] [Server thread/INFO]: [Echinata: Teleported Echinata to 8.500000, 66.000000, 158.500000]
[00:49:51] [Server thread/INFO]: Echinata issued server command: /ob set
[00:50:26] [Server thread/INFO]: Echinata issued server command: /ob set
[00:50:51] [Server thread/INFO]: Echinata issued server command: /tp 158 66 8
[00:50:51] [Server thread/INFO]: [Echinata: Teleported Echinata to 158.500000, 66.000000, 8.500000]
[00:50:57] [Server thread/INFO]: Echinata issued server command: /ob set
[00:51:27] [Server thread/INFO]: Echinata lost connection: Disconnected
[00:51:27] [Server thread/INFO]: Echinata left the game
[00:51:34] [Server thread/INFO]: Stopping the server
[00:51:34] [Server thread/INFO]: Stopping server
[00:51:34] [Server thread/INFO]: [Oneblock] Disabling Oneblock v1.4.7f
[00:51:34] [Server thread/INFO]: [PlasmoVoice] Disabling PlasmoVoice v2.1.8
[00:51:34] [Server thread/INFO]: [PlasmoVoice] UDP server is stopped
[00:51:34] [Server thread/INFO]: [Chunky] Disabling Chunky v1.4.40
[00:51:34] [Server thread/INFO]: Saving players
[00:51:34] [Server thread/INFO]: Saving worlds
[00:51:34] [Server thread/INFO]: Saving chunks for level 'ServerLevel[world]'/minecraft:overworld
[00:51:34] [Server thread/INFO]: [ChunkHolderManager] Waiting 60s for chunk system to halt for world 'world'
[00:51:34] [Server thread/INFO]: [ChunkHolderManager] Halted chunk system for world 'world'
[00:51:34] [Server thread/INFO]: [ChunkHolderManager] Saving all chunkholders for world 'world'
[00:51:35] [Server thread/INFO]: [ChunkHolderManager] Saved 777 block chunks, 282 entity chunks, 20 poi chunks in world 'world' in 0.75s
[00:51:35] [Server thread/INFO]: [ChunkHolderManager] Waiting 60s for chunk I/O to halt for world 'world'
[00:51:35] [Server thread/INFO]: [ChunkHolderManager] Halted I/O scheduler for world 'world'
[00:51:35] [Server thread/INFO]: Saving chunks for level 'ServerLevel[world_nether]'/minecraft:the_nether
[00:51:35] [Server thread/INFO]: [ChunkHolderManager] Waiting 60s for chunk system to halt for world 'world_nether'
[00:51:35] [Server thread/INFO]: [ChunkHolderManager] Halted chunk system for world 'world_nether'
[00:51:35] [Server thread/INFO]: [ChunkHolderManager] Saving all chunkholders for world 'world_nether'
[00:51:35] [Server thread/INFO]: [ChunkHolderManager] Saved 0 block chunks, 0 entity chunks, 0 poi chunks in world 'world_nether' in 0.00s
[00:51:35] [Server thread/INFO]: [ChunkHolderManager] Waiting 60s for chunk I/O to halt for world 'world_nether'
[00:51:35] [Server thread/INFO]: [ChunkHolderManager] Halted I/O scheduler for world 'world_nether'
[00:51:35] [Server thread/INFO]: Saving chunks for level 'ServerLevel[world_the_end]'/minecraft:the_end
[00:51:35] [Server thread/INFO]: [ChunkHolderManager] Waiting 60s for chunk system to halt for world 'world_the_end'
[00:51:35] [Server thread/INFO]: [ChunkHolderManager] Halted chunk system for world 'world_the_end'
[00:51:35] [Server thread/INFO]: [ChunkHolderManager] Saving all chunkholders for world 'world_the_end'
[00:51:35] [Server thread/INFO]: [ChunkHolderManager] Saved 0 block chunks, 0 entity chunks, 0 poi chunks in world 'world_the_end' in 0.00s
[00:51:35] [Server thread/INFO]: [ChunkHolderManager] Waiting 60s for chunk I/O to halt for world 'world_the_end'
[00:51:35] [Server thread/INFO]: [ChunkHolderManager] Halted I/O scheduler for world 'world_the_end'
[00:51:35] [Server thread/INFO]: ThreadedAnvilChunkStorage (world): All chunks are saved
[00:51:35] [Server thread/INFO]: ThreadedAnvilChunkStorage (DIM-1): All chunks are saved
[00:51:35] [Server thread/INFO]: ThreadedAnvilChunkStorage (DIM1): All chunks are saved
[00:51:35] [Server thread/INFO]: ThreadedAnvilChunkStorage: All dimensions are saved
[00:51:35] [Server thread/INFO]: Waiting for all RegionFile I/O tasks to complete...
[00:51:35] [Server thread/INFO]: All RegionFile I/O tasks to complete
[00:51:35] [Server thread/INFO]: [MoonriseCommon] Awaiting termination of worker pool for up to 60s...
[00:51:35] [Server thread/INFO]: [MoonriseCommon] Awaiting termination of I/O pool for up to 60s...
